This is pdfTeX, Version 3.1415926-2.4-1.40.13 (MiKTeX 2.9 64-bit) (preloaded format=pdflatex 2014.5.8)  8 JUL 2014 08:43
entering extended mode
**Arbeitsblatt_final.tex
(C:\Users\Matthias\Documents\Repositories\Hacker\Docs\Arbeitsblatt_final.tex
LaTeX2e <2011/06/27>
Babel <v3.8m> and hyphenation patterns for english, afrikaans, ancientgreek, ar
abic, armenian, assamese, basque, bengali, bokmal, bulgarian, catalan, coptic, 
croatian, czech, danish, dutch, esperanto, estonian, farsi, finnish, french, ga
lician, german, german-x-2012-05-30, greek, gujarati, hindi, hungarian, iceland
ic, indonesian, interlingua, irish, italian, kannada, kurmanji, latin, latvian,
 lithuanian, malayalam, marathi, mongolian, mongolianlmc, monogreek, ngerman, n
german-x-2012-05-30, nynorsk, oriya, panjabi, pinyin, polish, portuguese, roman
ian, russian, sanskrit, serbian, slovak, slovenian, spanish, swedish, swissgerm
an, tamil, telugu, turkish, turkmen, ukenglish, ukrainian, uppersorbian, usengl
ishmax, welsh, loaded.
("C:\Program Files\MiKTeX 2.9\tex\latex\koma-script\scrartcl.cls"
Document Class: scrartcl 2012/07/29 v3.11b KOMA-Script document class (article)

("C:\Program Files\MiKTeX 2.9\tex\latex\koma-script\scrkbase.sty"
Package: scrkbase 2012/07/29 v3.11b KOMA-Script package (KOMA-Script-dependent 
basics and keyval usage)

("C:\Program Files\MiKTeX 2.9\tex\latex\koma-script\scrbase.sty"
Package: scrbase 2012/07/29 v3.11b KOMA-Script package (KOMA-Script-independent
 basics and keyval usage)

("C:\Program Files\MiKTeX 2.9\tex\latex\graphics\keyval.sty"
Package: keyval 1999/03/16 v1.13 key=value parser (DPC)
\KV@toks@=\toks14
)
("C:\Program Files\MiKTeX 2.9\tex\latex\koma-script\scrlfile.sty"
Package: scrlfile 2012/06/15 v3.12 KOMA-Script package (loading files)

Package scrlfile, 2012/06/15 v3.12 KOMA-Script package (loading files)
                  Copyright (C) Markus Kohm

))) ("C:\Program Files\MiKTeX 2.9\tex\latex\koma-script\tocbasic.sty"
Package: tocbasic 2012/04/04 v3.10b KOMA-Script package (handling toc-files)
)
Package tocbasic Info: omitting babel extension for `toc'
(tocbasic)             because of feature `nobabel' available
(tocbasic)             for `toc' on input line 115.
Package tocbasic Info: omitting babel extension for `lof'
(tocbasic)             because of feature `nobabel' available
(tocbasic)             for `lof' on input line 116.
Package tocbasic Info: omitting babel extension for `lot'
(tocbasic)             because of feature `nobabel' available
(tocbasic)             for `lot' on input line 117.
Class scrartcl Info: File `scrsize11pt.clo' used instead of
(scrartcl)           file `scrsize11.clo' to setup font sizes on input line 126
7.

("C:\Program Files\MiKTeX 2.9\tex\latex\koma-script\scrsize11pt.clo"
File: scrsize11pt.clo 2012/07/29 v3.11b KOMA-Script font size class option (11p
t)
)
("C:\Program Files\MiKTeX 2.9\tex\latex\koma-script\typearea.sty"
Package: typearea 2012/07/29 v3.11b KOMA-Script package (type area)

Package typearea, 2012/07/29 v3.11b KOMA-Script package (type area)
                  Copyright (C) Frank Neukam, 1992-1994
                  Copyright (C) Markus Kohm, 1994-

\ta@bcor=\skip41
\ta@div=\count79
\ta@hblk=\skip42
\ta@vblk=\skip43
\ta@temp=\skip44
Package typearea Info: These are the values describing the layout:
(typearea)             DIV  = 10
(typearea)             BCOR = 0.0pt
(typearea)             \paperwidth      = 597.50793pt
(typearea)              \textwidth      = 418.25555pt
(typearea)              DIV departure   = -6%
(typearea)              \evensidemargin = 17.3562pt
(typearea)              \oddsidemargin  = 17.3562pt
(typearea)             \paperheight     = 845.04694pt
(typearea)              \textheight     = 595.80026pt
(typearea)              \topmargin      = -25.16531pt
(typearea)              \headheight     = 17.0pt
(typearea)              \headsep        = 20.40001pt
(typearea)              \topskip        = 11.0pt
(typearea)              \footskip       = 47.60002pt
(typearea)              \baselineskip   = 13.6pt
(typearea)              on input line 1213.
)
\c@part=\count80
\c@section=\count81
\c@subsection=\count82
\c@subsubsection=\count83
\c@paragraph=\count84
\c@subparagraph=\count85
\abovecaptionskip=\skip45
\belowcaptionskip=\skip46
\c@pti@nb@sid@b@x=\box26
\c@figure=\count86
\c@table=\count87
\bibindent=\dimen102
) ("C:\Program Files\MiKTeX 2.9\tex\latex\base\inputenc.sty"
Package: inputenc 2008/03/30 v1.1d Input encoding file
\inpenc@prehook=\toks15
\inpenc@posthook=\toks16

("C:\Program Files\MiKTeX 2.9\tex\latex\base\latin1.def"
File: latin1.def 2008/03/30 v1.1d Input encoding file
))
("C:\Program Files\MiKTeX 2.9\tex\latex\amsmath\amsmath.sty"
Package: amsmath 2013/01/14 v2.14 AMS math features
\@mathmargin=\skip47

For additional information on amsmath, use the `?' option.
("C:\Program Files\MiKTeX 2.9\tex\latex\amsmath\amstext.sty"
Package: amstext 2000/06/29 v2.01

("C:\Program Files\MiKTeX 2.9\tex\latex\amsmath\amsgen.sty"
File: amsgen.sty 1999/11/30 v2.0
\@emptytoks=\toks17
\ex@=\dimen103
))
("C:\Program Files\MiKTeX 2.9\tex\latex\amsmath\amsbsy.sty"
Package: amsbsy 1999/11/29 v1.2d
\pmbraise@=\dimen104
)
("C:\Program Files\MiKTeX 2.9\tex\latex\amsmath\amsopn.sty"
Package: amsopn 1999/12/14 v2.01 operator names
)
\inf@bad=\count88
LaTeX Info: Redefining \frac on input line 210.
\uproot@=\count89
\leftroot@=\count90
LaTeX Info: Redefining \overline on input line 306.
\classnum@=\count91
\DOTSCASE@=\count92
LaTeX Info: Redefining \ldots on input line 378.
LaTeX Info: Redefining \dots on input line 381.
LaTeX Info: Redefining \cdots on input line 466.
\Mathstrutbox@=\box27
\strutbox@=\box28
\big@size=\dimen105
LaTeX Font Info:    Redeclaring font encoding OML on input line 566.
LaTeX Font Info:    Redeclaring font encoding OMS on input line 567.
\macc@depth=\count93
\c@MaxMatrixCols=\count94
\dotsspace@=\muskip10
\c@parentequation=\count95
\dspbrk@lvl=\count96
\tag@help=\toks18
\row@=\count97
\column@=\count98
\maxfields@=\count99
\andhelp@=\toks19
\eqnshift@=\dimen106
\alignsep@=\dimen107
\tagshift@=\dimen108
\tagwidth@=\dimen109
\totwidth@=\dimen110
\lineht@=\dimen111
\@envbody=\toks20
\multlinegap=\skip48
\multlinetaggap=\skip49
\mathdisplay@stack=\toks21
LaTeX Info: Redefining \[ on input line 2665.
LaTeX Info: Redefining \] on input line 2666.
)
("C:\Program Files\MiKTeX 2.9\tex\latex\amsfonts\amsfonts.sty"
Package: amsfonts 2013/01/14 v3.01 Basic AMSFonts support
\symAMSa=\mathgroup4
\symAMSb=\mathgroup5
LaTeX Font Info:    Overwriting math alphabet `\mathfrak' in version `bold'
(Font)                  U/euf/m/n --> U/euf/b/n on input line 106.
)
("C:\Program Files\MiKTeX 2.9\tex\latex\amsfonts\amssymb.sty"
Package: amssymb 2013/01/14 v3.01 AMS font symbols
)
("C:\Program Files\MiKTeX 2.9\tex\latex\listings\listings.sty"
\lst@mode=\count100
\lst@gtempboxa=\box29
\lst@token=\toks22
\lst@length=\count101
\lst@currlwidth=\dimen112
\lst@column=\count102
\lst@pos=\count103
\lst@lostspace=\dimen113
\lst@width=\dimen114
\lst@newlines=\count104
\lst@lineno=\count105
\lst@maxwidth=\dimen115

("C:\Program Files\MiKTeX 2.9\tex\latex\listings\lstmisc.sty"
File: lstmisc.sty 2007/02/22 1.4 (Carsten Heinz)
\c@lstnumber=\count106
\lst@skipnumbers=\count107
\lst@framebox=\box30
)
("C:\Program Files\MiKTeX 2.9\tex\latex\listings\listings.cfg"
File: listings.cfg 2007/02/22 1.4 listings configuration
))
Package: listings 2007/02/22 1.4 (Carsten Heinz)

("C:\Program Files\MiKTeX 2.9\tex\latex\pdfpages\pdfpages.sty"
Package: pdfpages 2012/08/31 v0.4t Insert pages of external PDF documents (AM)

("C:\Program Files\MiKTeX 2.9\tex\latex\base\ifthen.sty"
Package: ifthen 2001/05/26 v1.1c Standard LaTeX ifthen package (DPC)
)
("C:\Program Files\MiKTeX 2.9\tex\latex\tools\calc.sty"
Package: calc 2007/08/22 v4.3 Infix arithmetic (KKT,FJ)
\calc@Acount=\count108
\calc@Bcount=\count109
\calc@Adimen=\dimen116
\calc@Bdimen=\dimen117
\calc@Askip=\skip50
\calc@Bskip=\skip51
LaTeX Info: Redefining \setlength on input line 76.
LaTeX Info: Redefining \addtolength on input line 77.
\calc@Ccount=\count110
\calc@Cskip=\skip52
)
("C:\Program Files\MiKTeX 2.9\tex\latex\eso-pic\eso-pic.sty"
Package: eso-pic 2010/10/06 v2.0c eso-pic (RN)

("C:\Program Files\MiKTeX 2.9\tex\generic\oberdiek\atbegshi.sty"
Package: atbegshi 2011/10/05 v1.16 At begin shipout hook (HO)

("C:\Program Files\MiKTeX 2.9\tex\generic\oberdiek\infwarerr.sty"
Package: infwarerr 2010/04/08 v1.3 Providing info/warning/error messages (HO)
)
("C:\Program Files\MiKTeX 2.9\tex\generic\oberdiek\ltxcmds.sty"
Package: ltxcmds 2011/11/09 v1.22 LaTeX kernel commands for general use (HO)
)
("C:\Program Files\MiKTeX 2.9\tex\generic\oberdiek\ifpdf.sty"
Package: ifpdf 2011/01/30 v2.3 Provides the ifpdf switch (HO)
Package ifpdf Info: pdfTeX in PDF mode is detected.
))
("C:\Program Files\MiKTeX 2.9\tex\latex\xcolor\xcolor.sty"
Package: xcolor 2007/01/21 v2.11 LaTeX color extensions (UK)

("C:\Program Files\MiKTeX 2.9\tex\latex\00miktex\color.cfg"
File: color.cfg 2007/01/18 v1.5 color configuration of teTeX/TeXLive
)
Package xcolor Info: Driver file: pdftex.def on input line 225.

("C:\Program Files\MiKTeX 2.9\tex\latex\pdftex-def\pdftex.def"
File: pdftex.def 2011/05/27 v0.06d Graphics/color for pdfTeX
\Gread@gobject=\count111
)
Package xcolor Info: Model `cmy' substituted by `cmy0' on input line 1337.
Package xcolor Info: Model `hsb' substituted by `rgb' on input line 1341.
Package xcolor Info: Model `RGB' extended on input line 1353.
Package xcolor Info: Model `HTML' substituted by `rgb' on input line 1355.
Package xcolor Info: Model `Hsb' substituted by `hsb' on input line 1356.
Package xcolor Info: Model `tHsb' substituted by `hsb' on input line 1357.
Package xcolor Info: Model `HSB' substituted by `hsb' on input line 1358.
Package xcolor Info: Model `Gray' substituted by `gray' on input line 1359.
Package xcolor Info: Model `wave' substituted by `hsb' on input line 1360.
))
("C:\Program Files\MiKTeX 2.9\tex\latex\graphics\graphicx.sty"
Package: graphicx 1999/02/16 v1.0f Enhanced LaTeX Graphics (DPC,SPQR)

("C:\Program Files\MiKTeX 2.9\tex\latex\graphics\graphics.sty"
Package: graphics 2009/02/05 v1.0o Standard LaTeX Graphics (DPC,SPQR)

("C:\Program Files\MiKTeX 2.9\tex\latex\graphics\trig.sty"
Package: trig 1999/03/16 v1.09 sin cos tan (DPC)
)
("C:\Program Files\MiKTeX 2.9\tex\latex\00miktex\graphics.cfg"
File: graphics.cfg 2007/01/18 v1.5 graphics configuration of teTeX/TeXLive
)
Package graphics Info: Driver file: pdftex.def on input line 91.
)
\Gin@req@height=\dimen118
\Gin@req@width=\dimen119
)
("C:\Program Files\MiKTeX 2.9\tex\latex\pdfpages\pppdftex.def"
File: pppdftex.def 2012/08/31 v0.4t Pdfpages driver for pdfTeX (AM)
)
\AM@pagebox=\box31
\AM@toc@title=\toks23
\c@AM@survey=\count112
\AM@templatesizebox=\box32
)
("C:\Program Files\MiKTeX 2.9\tex\latex\ltxmisc\url.sty"
\Urlmuskip=\muskip11
Package: url 2006/04/12  ver 3.3  Verb mode for urls, etc.
)
("C:\Program Files\MiKTeX 2.9\tex\latex\hyperref\hyperref.sty"
Package: hyperref 2012/11/06 v6.83m Hypertext links for LaTeX

("C:\Program Files\MiKTeX 2.9\tex\generic\oberdiek\hobsub-hyperref.sty"
Package: hobsub-hyperref 2012/04/25 v1.12 Bundle oberdiek, subset hyperref (HO)


("C:\Program Files\MiKTeX 2.9\tex\generic\oberdiek\hobsub-generic.sty"
Package: hobsub-generic 2012/04/25 v1.12 Bundle oberdiek, subset generic (HO)
Package: hobsub 2012/04/25 v1.12 Construct package bundles (HO)
Package hobsub Info: Skipping package `infwarerr' (already loaded).
Package hobsub Info: Skipping package `ltxcmds' (already loaded).
Package: ifluatex 2010/03/01 v1.3 Provides the ifluatex switch (HO)
Package ifluatex Info: LuaTeX not detected.
Package: ifvtex 2010/03/01 v1.5 Detect VTeX and its facilities (HO)
Package ifvtex Info: VTeX not detected.
Package: intcalc 2007/09/27 v1.1 Expandable calculations with integers (HO)
Package hobsub Info: Skipping package `ifpdf' (already loaded).
Package: etexcmds 2011/02/16 v1.5 Avoid name clashes with e-TeX commands (HO)
Package etexcmds Info: Could not find \expanded.
(etexcmds)             That can mean that you are not using pdfTeX 1.50 or
(etexcmds)             that some package has redefined \expanded.
(etexcmds)             In the latter case, load this package earlier.
Package: kvsetkeys 2012/04/25 v1.16 Key value parser (HO)
Package: kvdefinekeys 2011/04/07 v1.3 Define keys (HO)
Package: pdftexcmds 2011/11/29 v0.20 Utility functions of pdfTeX for LuaTeX (HO
)
Package pdftexcmds Info: LuaTeX not detected.
Package pdftexcmds Info: \pdf@primitive is available.
Package pdftexcmds Info: \pdf@ifprimitive is available.
Package pdftexcmds Info: \pdfdraftmode found.
Package: pdfescape 2011/11/25 v1.13 Implements pdfTeX's escape features (HO)
Package: bigintcalc 2012/04/08 v1.3 Expandable calculations on big integers (HO
)
Package: bitset 2011/01/30 v1.1 Handle bit-vector datatype (HO)
Package: uniquecounter 2011/01/30 v1.2 Provide unlimited unique counter (HO)
)
Package hobsub Info: Skipping package `hobsub' (already loaded).
Package: letltxmacro 2010/09/02 v1.4 Let assignment for LaTeX macros (HO)
Package: hopatch 2011/06/24 v1.1 Wrapper for package hooks (HO)
Package: xcolor-patch 2011/01/30 xcolor patch
Package: atveryend 2011/06/30 v1.8 Hooks at the very end of document (HO)
Package atveryend Info: \enddocument detected (standard20110627).
Package hobsub Info: Skipping package `atbegshi' (already loaded).
Package: refcount 2011/10/16 v3.4 Data extraction from label references (HO)
Package: hycolor 2011/01/30 v1.7 Color options for hyperref/bookmark (HO)
)
("C:\Program Files\MiKTeX 2.9\tex\generic\ifxetex\ifxetex.sty"
Package: ifxetex 2010/09/12 v0.6 Provides ifxetex conditional
)
("C:\Program Files\MiKTeX 2.9\tex\latex\oberdiek\auxhook.sty"
Package: auxhook 2011/03/04 v1.3 Hooks for auxiliary files (HO)
)
("C:\Program Files\MiKTeX 2.9\tex\latex\oberdiek\kvoptions.sty"
Package: kvoptions 2011/06/30 v3.11 Key value format for package options (HO)
)
\@linkdim=\dimen120
\Hy@linkcounter=\count113
\Hy@pagecounter=\count114

("C:\Program Files\MiKTeX 2.9\tex\latex\hyperref\pd1enc.def"
File: pd1enc.def 2012/11/06 v6.83m Hyperref: PDFDocEncoding definition (HO)
)
\Hy@SavedSpaceFactor=\count115

("C:\Program Files\MiKTeX 2.9\tex\latex\00miktex\hyperref.cfg"
File: hyperref.cfg 2002/06/06 v1.2 hyperref configuration of TeXLive
)
Package hyperref Info: Option `colorlinks' set `true' on input line 4319.
Package hyperref Info: Hyper figures OFF on input line 4443.
Package hyperref Info: Link nesting OFF on input line 4448.
Package hyperref Info: Hyper index ON on input line 4451.
Package hyperref Info: Plain pages OFF on input line 4458.
Package hyperref Info: Backreferencing OFF on input line 4463.
Package hyperref Info: Implicit mode ON; LaTeX internals redefined.
Package hyperref Info: Bookmarks ON on input line 4688.
\c@Hy@tempcnt=\count116
LaTeX Info: Redefining \url on input line 5041.
\XeTeXLinkMargin=\dimen121
\Fld@menulength=\count117
\Field@Width=\dimen122
\Fld@charsize=\dimen123
Package hyperref Info: Hyper figures OFF on input line 6295.
Package hyperref Info: Link nesting OFF on input line 6300.
Package hyperref Info: Hyper index ON on input line 6303.
Package hyperref Info: backreferencing OFF on input line 6310.
Package hyperref Info: Link coloring ON on input line 6313.
Package hyperref Info: Link coloring with OCG OFF on input line 6320.
Package hyperref Info: PDF/A mode OFF on input line 6325.
LaTeX Info: Redefining \ref on input line 6365.
LaTeX Info: Redefining \pageref on input line 6369.
\Hy@abspage=\count118
\c@Item=\count119
\c@Hfootnote=\count120
)

Package hyperref Message: Driver (autodetected): hpdftex.

("C:\Program Files\MiKTeX 2.9\tex\latex\hyperref\hpdftex.def"
File: hpdftex.def 2012/11/06 v6.83m Hyperref driver for pdfTeX
\Fld@listcount=\count121
\c@bookmark@seq@number=\count122

("C:\Program Files\MiKTeX 2.9\tex\latex\oberdiek\rerunfilecheck.sty"
Package: rerunfilecheck 2011/04/15 v1.7 Rerun checks for auxiliary files (HO)
Package uniquecounter Info: New unique counter `rerunfilecheck' on input line 2
82.
)
\Hy@SectionHShift=\skip53
)
("C:\Program Files\MiKTeX 2.9\tex\latex\base\fontenc.sty"
Package: fontenc 2005/09/27 v1.99g Standard LaTeX package

("C:\Program Files\MiKTeX 2.9\tex\latex\base\t1enc.def"
File: t1enc.def 2005/09/27 v1.99g Standard LaTeX file
LaTeX Font Info:    Redeclaring font encoding T1 on input line 43.
))
("C:\Program Files\MiKTeX 2.9\tex\generic\babel\babel.sty"
Package: babel 2008/07/08 v3.8m The Babel package

*************************************
* Local config file bblopts.cfg used
*
("C:\Program Files\MiKTeX 2.9\tex\latex\00miktex\bblopts.cfg"
File: bblopts.cfg 2006/07/31 v1.0 MiKTeX 'babel' configuration
)
("C:\Program Files\MiKTeX 2.9\tex\generic\babel\ngermanb.ldf"
Language: ngermanb 2008/07/06 v2.6n new German support from the babel system

("C:\Program Files\MiKTeX 2.9\tex\generic\babel\babel.def"
File: babel.def 2008/07/08 v3.8m Babel common definitions
\babel@savecnt=\count123
\U@D=\dimen124
)
\l@naustrian = a dialect from \language\l@ngerman 
Package babel Info: Making " an active character on input line 92.
))
("C:\Program Files\MiKTeX 2.9\tex\latex\enumitem\enumitem.sty"
Package: enumitem 2011/09/28 v3.5.2 Customized lists
\labelindent=\skip54
\enit@outerparindent=\dimen125
\enit@toks=\toks24
\enit@inbox=\box33
\enitdp@description=\count124
)
("C:\Program Files\MiKTeX 2.9\tex\latex\blindtext\blindtext.sty"
Package: blindtext 2012/01/06 V2.0 blindtext-Package

("C:\Program Files\MiKTeX 2.9\tex\latex\tools\xspace.sty"
Package: xspace 2009/10/20 v1.13 Space after command names (DPC,MH)
)
\c@blindtext=\count125
\c@Blindtext=\count126
\c@blind@countparstart=\count127
\blind@countxx=\count128
\blindtext@numBlindtext=\count129
\blind@countyy=\count130
\c@blindlist=\count131
\c@blindlistlevel=\count132
\c@blindlist@level=\count133
\blind@listitem=\count134
\c@blind@listcount=\count135
\c@blind@levelcount=\count136
\blind@mathformula=\count137
\blind@Mathformula=\count138
\c@blind@randomcount=\count139
\c@blind@randommax=\count140
\c@blind@pangramcount=\count141
\c@blind@pangrammax=\count142
)
("C:\Program Files\MiKTeX 2.9\tex\latex\a4wide\a4wide.sty"
Package: a4wide 1994/08/30

("C:\Program Files\MiKTeX 2.9\tex\latex\ntgclass\a4.sty"
Package: a4 2004/04/15 v1.2g A4 based page layout
))
("C:\Program Files\MiKTeX 2.9\tex\latex\setspace\setspace.sty"
Package: setspace 2011/12/19 v6.7a set line spacing
)
("C:\Program Files\MiKTeX 2.9\tex\latex\eurosym\eurosym.sty"
Package: eurosym 1998/08/06 v1.1 European currency symbol ``Euro''
\@eurobox=\box34
)
("C:\Program Files\MiKTeX 2.9\tex\latex\units\units.sty"
Package: units 1998/08/04 v0.9b Typesetting units

("C:\Program Files\MiKTeX 2.9\tex\latex\units\nicefrac.sty"
Package: nicefrac 1998/08/04 v0.9b Nice fractions
\L@UnitsRaiseDisplaystyle=\skip55
\L@UnitsRaiseTextstyle=\skip56
\L@UnitsRaiseScriptstyle=\skip57
))
(C:\Users\Matthias\Documents\Repositories\Hacker\Docs\Arbeitsblatt_final.aux
(C:\Users\Matthias\Documents\Repositories\Hacker\Docs\chapters_AB\A1\A1_01.aux)
(C:\Users\Matthias\Documents\Repositories\Hacker\Docs\chapters_AB\A1\A1_02.aux)
(C:\Users\Matthias\Documents\Repositories\Hacker\Docs\chapters_AB\A1\A1_03.aux)
(C:\Users\Matthias\Documents\Repositories\Hacker\Docs\chapters_AB\A1\A1_04.aux)
(C:\Users\Matthias\Documents\Repositories\Hacker\Docs\chapters_AB\A1\A1_05.aux)
(C:\Users\Matthias\Documents\Repositories\Hacker\Docs\chapters_AB\A1\A1_06.aux)
(C:\Users\Matthias\Documents\Repositories\Hacker\Docs\chapters_AB\A1\A1_07.aux)
(C:\Users\Matthias\Documents\Repositories\Hacker\Docs\chapters_AB\A1\A1_08.aux)
(C:\Users\Matthias\Documents\Repositories\Hacker\Docs\chapters_AB\A1\A1_09.aux)
(C:\Users\Matthias\Documents\Repositories\Hacker\Docs\chapters_AB\A1\A1_10.aux)
(C:\Users\Matthias\Documents\Repositories\Hacker\Docs\chapters_AB\A1\A1_11.aux)
(C:\Users\Matthias\Documents\Repositories\Hacker\Docs\chapters_AB\A1\A1_12.aux)
(C:\Users\Matthias\Documents\Repositories\Hacker\Docs\chapters_AB\A1\A1_13.aux)
(C:\Users\Matthias\Documents\Repositories\Hacker\Docs\chapters_AB\A1\A1_14.aux)
(C:\Users\Matthias\Documents\Repositories\Hacker\Docs\chapters_AB\A1\Z1_10.aux)
(C:\Users\Matthias\Documents\Repositories\Hacker\Docs\chapters_AB\A2\A2_01.aux)
(C:\Users\Matthias\Documents\Repositories\Hacker\Docs\chapters_AB\A2\A2_02.aux)
(C:\Users\Matthias\Documents\Repositories\Hacker\Docs\chapters_AB\A2\A2_03.aux)
(C:\Users\Matthias\Documents\Repositories\Hacker\Docs\chapters_AB\A2\A2_04.aux)
(C:\Users\Matthias\Documents\Repositories\Hacker\Docs\chapters_AB\A2\A2_05.aux)
(C:\Users\Matthias\Documents\Repositories\Hacker\Docs\chapters_AB\A2\A2_06.aux)
(C:\Users\Matthias\Documents\Repositories\Hacker\Docs\chapters_AB\A2\A2_07.aux)
(C:\Users\Matthias\Documents\Repositories\Hacker\Docs\chapters_AB\A2\A2_08.aux)
(C:\Users\Matthias\Documents\Repositories\Hacker\Docs\chapters_AB\A2\A2_09.aux)
(C:\Users\Matthias\Documents\Repositories\Hacker\Docs\chapters_AB\A2\Z2_01.aux)
(C:\Users\Matthias\Documents\Repositories\Hacker\Docs\chapters_AB\A2\Z2_05.aux)
(C:\Users\Matthias\Documents\Repositories\Hacker\Docs\chapters_AB\A3\A3_01.aux)
(C:\Users\Matthias\Documents\Repositories\Hacker\Docs\chapters_AB\A3\A3_02.aux)
(C:\Users\Matthias\Documents\Repositories\Hacker\Docs\chapters_AB\A3\A3_03.aux)
(C:\Users\Matthias\Documents\Repositories\Hacker\Docs\chapters_AB\A3\A3_04.aux)
(C:\Users\Matthias\Documents\Repositories\Hacker\Docs\chapters_AB\A3\A3_05.aux)
(C:\Users\Matthias\Documents\Repositories\Hacker\Docs\chapters_AB\A3\A3_06.aux)
(C:\Users\Matthias\Documents\Repositories\Hacker\Docs\chapters_AB\A3\A3_07.aux)
(C:\Users\Matthias\Documents\Repositories\Hacker\Docs\chapters_AB\A3\A3_08.aux)
(C:\Users\Matthias\Documents\Repositories\Hacker\Docs\chapters_AB\A3\A3_09.aux)
(C:\Users\Matthias\Documents\Repositories\Hacker\Docs\chapters_AB\A3\A3_10.aux)
(C:\Users\Matthias\Documents\Repositories\Hacker\Docs\chapters_AB\A3\A3_11.aux)
(C:\Users\Matthias\Documents\Repositories\Hacker\Docs\chapters_AB\A3\A3_12.aux)
(C:\Users\Matthias\Documents\Repositories\Hacker\Docs\chapters_AB\A3\A3_13.aux)
(C:\Users\Matthias\Documents\Repositories\Hacker\Docs\chapters_AB\A3\A3_14.aux)
(C:\Users\Matthias\Documents\Repositories\Hacker\Docs\chapters_AB\A3\A3_15.aux)
(C:\Users\Matthias\Documents\Repositories\Hacker\Docs\chapters_AB\A4\A4_01.aux)
(C:\Users\Matthias\Documents\Repositories\Hacker\Docs\chapters_AB\A4\A4_02.aux)
(C:\Users\Matthias\Documents\Repositories\Hacker\Docs\chapters_AB\A4\A4_03.aux)
(C:\Users\Matthias\Documents\Repositories\Hacker\Docs\chapters_AB\A4\A4_04.aux)
(C:\Users\Matthias\Documents\Repositories\Hacker\Docs\chapters_AB\A4\A4_05.aux)
(C:\Users\Matthias\Documents\Repositories\Hacker\Docs\chapters_AB\A4\A4_06.aux)
(C:\Users\Matthias\Documents\Repositories\Hacker\Docs\chapters_AB\A4\A4_07.aux)
(C:\Users\Matthias\Documents\Repositories\Hacker\Docs\chapters_AB\A4\A4_08.aux)
(C:\Users\Matthias\Documents\Repositories\Hacker\Docs\chapters_AB\A4\A4_09.aux)
(C:\Users\Matthias\Documents\Repositories\Hacker\Docs\chapters_AB\A4\A4_10.aux)
(C:\Users\Matthias\Documents\Repositories\Hacker\Docs\chapters_AB\A4\A4_11.aux)
(C:\Users\Matthias\Documents\Repositories\Hacker\Docs\chapters_AB\A4\A4_12.aux)
(C:\Users\Matthias\Documents\Repositories\Hacker\Docs\chapters_AB\A4\A4_13.aux)
(C:\Users\Matthias\Documents\Repositories\Hacker\Docs\chapters_AB\A4\A4_14.aux)
(C:\Users\Matthias\Documents\Repositories\Hacker\Docs\chapters_AB\A4\A4_15.aux)
(C:\Users\Matthias\Documents\Repositories\Hacker\Docs\chapters_AB\A4\A4_16.aux)
(C:\Users\Matthias\Documents\Repositories\Hacker\Docs\chapters_AB\A4\Z4_07.aux)
(C:\Users\Matthias\Documents\Repositories\Hacker\Docs\chapters_AB\A4\Z4_12.aux)
(C:\Users\Matthias\Documents\Repositories\Hacker\Docs\chapters_AB\A5\A5_01.aux)
(C:\Users\Matthias\Documents\Repositories\Hacker\Docs\chapters_AB\A5\A5_02.aux)
(C:\Users\Matthias\Documents\Repositories\Hacker\Docs\chapters_AB\A5\A5_03.aux)
(C:\Users\Matthias\Documents\Repositories\Hacker\Docs\chapters_AB\A5\A5_04.aux)
(C:\Users\Matthias\Documents\Repositories\Hacker\Docs\chapters_AB\A5\A5_05.aux)
(C:\Users\Matthias\Documents\Repositories\Hacker\Docs\chapters_AB\A5\A5_06.aux)
(C:\Users\Matthias\Documents\Repositories\Hacker\Docs\chapters_AB\A5\A5_07.aux)
(C:\Users\Matthias\Documents\Repositories\Hacker\Docs\chapters_AB\A5\A5_08.aux)
(C:\Users\Matthias\Documents\Repositories\Hacker\Docs\chapters_AB\A5\A5_09.aux)
(C:\Users\Matthias\Documents\Repositories\Hacker\Docs\chapters_AB\A5\A5_10.aux)
)
LaTeX Font Info:    Checking defaults for OML/cmm/m/it on input line 21.
LaTeX Font Info:    ... okay on input line 21.
LaTeX Font Info:    Checking defaults for T1/cmr/m/n on input line 21.
LaTeX Font Info:    ... okay on input line 21.
LaTeX Font Info:    Checking defaults for OT1/cmr/m/n on input line 21.
LaTeX Font Info:    ... okay on input line 21.
LaTeX Font Info:    Checking defaults for OMS/cmsy/m/n on input line 21.
LaTeX Font Info:    ... okay on input line 21.
LaTeX Font Info:    Checking defaults for OMX/cmex/m/n on input line 21.
LaTeX Font Info:    ... okay on input line 21.
LaTeX Font Info:    Checking defaults for U/cmr/m/n on input line 21.
LaTeX Font Info:    ... okay on input line 21.
LaTeX Font Info:    Checking defaults for PD1/pdf/m/n on input line 21.
LaTeX Font Info:    ... okay on input line 21.
\c@lstlisting=\count143
\AtBeginShipoutBox=\box35
 ("C:\Program Files\MiKTeX 2.9\tex\context\base\supp-pdf.mkii"
[Loading MPS to PDF converter (version 2006.09.02).]
\scratchcounter=\count144
\scratchdimen=\dimen126
\scratchbox=\box36
\nofMPsegments=\count145
\nofMParguments=\count146
\everyMPshowfont=\toks25
\MPscratchCnt=\count147
\MPscratchDim=\dimen127
\MPnumerator=\count148
\makeMPintoPDFobject=\count149
\everyMPtoPDFconversion=\toks26
)
Package hyperref Info: Link coloring ON on input line 21.
 ("C:\Program Files\MiKTeX 2.9\tex\latex\hyperref\nameref.sty"
Package: nameref 2012/10/27 v2.43 Cross-referencing by name of section

("C:\Program Files\MiKTeX 2.9\tex\generic\oberdiek\gettitlestring.sty"
Package: gettitlestring 2010/12/03 v1.4 Cleanup title references (HO)
)
\c@section@level=\count150
)
LaTeX Info: Redefining \ref on input line 21.
LaTeX Info: Redefining \pageref on input line 21.
LaTeX Info: Redefining \nameref on input line 21.

(C:\Users\Matthias\Documents\Repositories\Hacker\Docs\Arbeitsblatt_final.out)
(C:\Users\Matthias\Documents\Repositories\Hacker\Docs\Arbeitsblatt_final.out)
\@outlinefile=\write3

(C:\Users\Matthias\Documents\Repositories\Hacker\Docs\chapters_AB\A1\A1_01.tex
LaTeX Font Info:    Try loading font information for T1+cmss on input line 1.

("C:\Program Files\MiKTeX 2.9\tex\latex\base\t1cmss.fd"
File: t1cmss.fd 1999/05/25 v2.5h Standard LaTeX font definitions
)
Underfull \hbox (badness 10000) in paragraph at lines 4--7

 []


Underfull \hbox (badness 10000) in paragraph at lines 4--7

 []

LaTeX Font Info:    Try loading font information for U+msa on input line 8.
("C:\Program Files\MiKTeX 2.9\tex\latex\amsfonts\umsa.fd"
File: umsa.fd 2013/01/14 v3.01 AMS symbols A
)
LaTeX Font Info:    Try loading font information for U+msb on input line 8.

("C:\Program Files\MiKTeX 2.9\tex\latex\amsfonts\umsb.fd"
File: umsb.fd 2013/01/14 v3.01 AMS symbols B
)) [1


{C:/ProgramData/MiKTeX/2.9/pdftex/config/pdftex.map}]
(C:\Users\Matthias\Documents\Repositories\Hacker\Docs\chapters_AB\A1\A1_02.tex)
[2


]
(C:\Users\Matthias\Documents\Repositories\Hacker\Docs\chapters_AB\A1\A1_03.tex)
[3


]
(C:\Users\Matthias\Documents\Repositories\Hacker\Docs\chapters_AB\A1\A1_04.tex)
[4


]
(C:\Users\Matthias\Documents\Repositories\Hacker\Docs\chapters_AB\A1\A1_05.tex)

Underfull \hbox (badness 10000) in paragraph at lines 2--27

 []


Underfull \hbox (badness 10000) in paragraph at lines 2--27

 []


Underfull \hbox (badness 10000) in paragraph at lines 2--27

 []

[5


]
(C:\Users\Matthias\Documents\Repositories\Hacker\Docs\chapters_AB\A1\A1_06.tex
Underfull \hbox (badness 10000) in paragraph at lines 2--3

 []


Underfull \hbox (badness 10000) in paragraph at lines 2--3

 []

<chapters_AB/Grafiken_AB/AB_1_6.jpg, id=59, 574.39594pt x 372.64218pt>
File: chapters_AB/Grafiken_AB/AB_1_6.jpg Graphic file (type jpg)

<use chapters_AB/Grafiken_AB/AB_1_6.jpg>
Package pdftex.def Info: chapters_AB/Grafiken_AB/AB_1_6.jpg used on input line 
5.
(pdftex.def)             Requested size: 398.38567pt x 258.4596pt.
) [6


 <C:/Users/Matthias/Documents/Repositories/Hacker/Docs/chapters_AB/Grafiken_AB/
AB_1_6.jpg>]
(C:\Users\Matthias\Documents\Repositories\Hacker\Docs\chapters_AB\A1\A1_07.tex)
[7


]
(C:\Users\Matthias\Documents\Repositories\Hacker\Docs\chapters_AB\A1\A1_08.tex
<chapters_AB/Grafiken_AB/AB_1_8.jpg, id=74, 694.84593pt x 325.96782pt>
File: chapters_AB/Grafiken_AB/AB_1_8.jpg Graphic file (type jpg)

<use chapters_AB/Grafiken_AB/AB_1_8.jpg>
Package pdftex.def Info: chapters_AB/Grafiken_AB/AB_1_8.jpg used on input line 
6.
(pdftex.def)             Requested size: 398.38567pt x 186.88788pt.
 [8


 <C:/Users/Matthias/Documents/Repositories/Hacker/Docs/chapters_AB/Grafiken_AB/
AB_1_8.jpg>]) [9]
(C:\Users\Matthias\Documents\Repositories\Hacker\Docs\chapters_AB\A1\A1_09.tex)
[10


]
(C:\Users\Matthias\Documents\Repositories\Hacker\Docs\chapters_AB\A1\A1_10.tex)
[11


]
(C:\Users\Matthias\Documents\Repositories\Hacker\Docs\chapters_AB\A1\A1_11.tex
<chapters_AB/Grafiken_AB/AB_1_11.jpg, id=96, 706.13812pt x 426.09187pt>
File: chapters_AB/Grafiken_AB/AB_1_11.jpg Graphic file (type jpg)

<use chapters_AB/Grafiken_AB/AB_1_11.jpg>
Package pdftex.def Info: chapters_AB/Grafiken_AB/AB_1_11.jpg used on input line
 8.
(pdftex.def)             Requested size: 398.38567pt x 240.39125pt.
 [12


 <C:/Users/Matthias/Documents/Repositories/Hacker/Docs/chapters_AB/Grafiken_AB/
AB_1_11.jpg>]) [13]
(C:\Users\Matthias\Documents\Repositories\Hacker\Docs\chapters_AB\A1\A1_12.tex)
[14


]
(C:\Users\Matthias\Documents\Repositories\Hacker\Docs\chapters_AB\A1\A1_13.tex
<chapters_AB/Grafiken_AB/AB_1_13.jpg, id=115, 579.66562pt x 338.01282pt>
File: chapters_AB/Grafiken_AB/AB_1_13.jpg Graphic file (type jpg)

<use chapters_AB/Grafiken_AB/AB_1_13.jpg>
Package pdftex.def Info: chapters_AB/Grafiken_AB/AB_1_13.jpg used on input line
 6.
(pdftex.def)             Requested size: 398.38567pt x 232.30586pt.

Underfull \hbox (badness 10000) in paragraph at lines 2--8

 []

) [15


 <C:/Users/Matthias/Documents/Repositories/Hacker/Docs/chapters_AB/Grafiken_AB/
AB_1_13.jpg>]
(C:\Users\Matthias\Documents\Repositories\Hacker\Docs\chapters_AB\A1\A1_14.tex)
[16


]
(C:\Users\Matthias\Documents\Repositories\Hacker\Docs\chapters_AB\A1\Z1_10.tex
LaTeX Font Info:    Try loading font information for OMS+cmr on input line 6.

("C:\Program Files\MiKTeX 2.9\tex\latex\base\omscmr.fd"
File: omscmr.fd 1999/05/25 v2.5h Standard LaTeX font definitions
)
LaTeX Font Info:    Font shape `OMS/cmr/m/n' in size <10.95> not available
(Font)              Font shape `OMS/cmsy/m/n' tried instead on input line 6.
) [17


]
(C:\Users\Matthias\Documents\Repositories\Hacker\Docs\chapters_AB\A2\A2_01.tex)
[18


]
(C:\Users\Matthias\Documents\Repositories\Hacker\Docs\chapters_AB\A2\A2_02.tex)
[19


]
(C:\Users\Matthias\Documents\Repositories\Hacker\Docs\chapters_AB\A2\A2_03.tex
Underfull \hbox (badness 10000) in paragraph at lines 3--6

 []

<chapters_AB/Grafiken_AB/AB_2_3.jpg, id=153, 500.62032pt x 166.37157pt>
File: chapters_AB/Grafiken_AB/AB_2_3.jpg Graphic file (type jpg)

<use chapters_AB/Grafiken_AB/AB_2_3.jpg>
Package pdftex.def Info: chapters_AB/Grafiken_AB/AB_2_3.jpg used on input line 
11.
(pdftex.def)             Requested size: 398.38567pt x 132.40182pt.
 [20


 <C:/Users/Matthias/Documents/Repositories/Hacker/Docs/chapters_AB/Grafiken_AB/
AB_2_3.jpg>]) [21]
(C:\Users\Matthias\Documents\Repositories\Hacker\Docs\chapters_AB\A2\A2_04.tex)
[22


]
(C:\Users\Matthias\Documents\Repositories\Hacker\Docs\chapters_AB\A2\A2_05.tex)
[23


]
(C:\Users\Matthias\Documents\Repositories\Hacker\Docs\chapters_AB\A2\A2_06.tex)
[24


]
(C:\Users\Matthias\Documents\Repositories\Hacker\Docs\chapters_AB\A2\A2_07.tex)
[25


]
(C:\Users\Matthias\Documents\Repositories\Hacker\Docs\chapters_AB\A2\A2_08.tex)
[26


]
(C:\Users\Matthias\Documents\Repositories\Hacker\Docs\chapters_AB\A2\A2_09.tex)
[27


]
(C:\Users\Matthias\Documents\Repositories\Hacker\Docs\chapters_AB\A2\Z2_01.tex)
[28


]
(C:\Users\Matthias\Documents\Repositories\Hacker\Docs\chapters_AB\A2\Z2_05.tex)
[29


]
(C:\Users\Matthias\Documents\Repositories\Hacker\Docs\chapters_AB\A3\A3_01.tex)
[30


]
(C:\Users\Matthias\Documents\Repositories\Hacker\Docs\chapters_AB\A3\A3_02.tex)
[31


]
(C:\Users\Matthias\Documents\Repositories\Hacker\Docs\chapters_AB\A3\A3_03.tex)
[32


]
(C:\Users\Matthias\Documents\Repositories\Hacker\Docs\chapters_AB\A3\A3_04.tex
[33


]) [34]
(C:\Users\Matthias\Documents\Repositories\Hacker\Docs\chapters_AB\A3\A3_05.tex)
[35


]
(C:\Users\Matthias\Documents\Repositories\Hacker\Docs\chapters_AB\A3\A3_06.tex)
[36


]
(C:\Users\Matthias\Documents\Repositories\Hacker\Docs\chapters_AB\A3\A3_07.tex)
[37


]
(C:\Users\Matthias\Documents\Repositories\Hacker\Docs\chapters_AB\A3\A3_08.tex
<chapters_AB/Grafiken_AB/AB_3_8.jpg, id=272, 322.20375pt x 140.02313pt>
File: chapters_AB/Grafiken_AB/AB_3_8.jpg Graphic file (type jpg)

<use chapters_AB/Grafiken_AB/AB_3_8.jpg>
Package pdftex.def Info: chapters_AB/Grafiken_AB/AB_3_8.jpg used on input line 
7.
(pdftex.def)             Requested size: 354.12434pt x 153.90198pt.
) [38


 <C:/Users/Matthias/Documents/Repositories/Hacker/Docs/chapters_AB/Grafiken_AB/
AB_3_8.jpg>]
(C:\Users\Matthias\Documents\Repositories\Hacker\Docs\chapters_AB\A3\A3_09.tex)
[39


]
(C:\Users\Matthias\Documents\Repositories\Hacker\Docs\chapters_AB\A3\A3_10.tex)
[40


]
(C:\Users\Matthias\Documents\Repositories\Hacker\Docs\chapters_AB\A3\A3_11.tex)
[41


]
(C:\Users\Matthias\Documents\Repositories\Hacker\Docs\chapters_AB\A3\A3_12.tex
Underfull \hbox (badness 10000) in paragraph at lines 6--10

 []

) [42


]
(C:\Users\Matthias\Documents\Repositories\Hacker\Docs\chapters_AB\A3\A3_13.tex)
[43


]
(C:\Users\Matthias\Documents\Repositories\Hacker\Docs\chapters_AB\A3\A3_14.tex)
[44


]
(C:\Users\Matthias\Documents\Repositories\Hacker\Docs\chapters_AB\A3\A3_15.tex
Underfull \hbox (badness 10000) in paragraph at lines 11--18

 []


Underfull \hbox (badness 10000) in paragraph at lines 11--18

 []


Underfull \hbox (badness 10000) in paragraph at lines 11--18

 []


Underfull \hbox (badness 10000) in paragraph at lines 11--18

 []

<chapters_AB/Grafiken_AB/AB_3_15.jpg, id=324, 442.65375pt x 231.86626pt>
File: chapters_AB/Grafiken_AB/AB_3_15.jpg Graphic file (type jpg)

<use chapters_AB/Grafiken_AB/AB_3_15.jpg>
Package pdftex.def Info: chapters_AB/Grafiken_AB/AB_3_15.jpg used on input line
 20.
(pdftex.def)             Requested size: 398.38567pt x 208.6883pt.
) [45


 <C:/Users/Matthias/Documents/Repositories/Hacker/Docs/chapters_AB/Grafiken_AB/
AB_3_15.jpg>]
(C:\Users\Matthias\Documents\Repositories\Hacker\Docs\chapters_AB\A4\A4_01.tex)
[46


]
(C:\Users\Matthias\Documents\Repositories\Hacker\Docs\chapters_AB\A4\A4_02.tex)
[47


]
(C:\Users\Matthias\Documents\Repositories\Hacker\Docs\chapters_AB\A4\A4_03.tex)
[48


]
(C:\Users\Matthias\Documents\Repositories\Hacker\Docs\chapters_AB\A4\A4_04.tex)
[49


]
(C:\Users\Matthias\Documents\Repositories\Hacker\Docs\chapters_AB\A4\A4_05.tex)
[50


]
(C:\Users\Matthias\Documents\Repositories\Hacker\Docs\chapters_AB\A4\A4_06.tex)
[51


]
(C:\Users\Matthias\Documents\Repositories\Hacker\Docs\chapters_AB\A4\A4_07.tex)
[52


]
(C:\Users\Matthias\Documents\Repositories\Hacker\Docs\chapters_AB\A4\A4_08.tex)
[53


]
(C:\Users\Matthias\Documents\Repositories\Hacker\Docs\chapters_AB\A4\A4_09.tex)
[54


]
(C:\Users\Matthias\Documents\Repositories\Hacker\Docs\chapters_AB\A4\A4_10.tex)
[55


]
(C:\Users\Matthias\Documents\Repositories\Hacker\Docs\chapters_AB\A4\A4_11.tex)
[56


]
(C:\Users\Matthias\Documents\Repositories\Hacker\Docs\chapters_AB\A4\A4_12.tex)
[57


]
(C:\Users\Matthias\Documents\Repositories\Hacker\Docs\chapters_AB\A4\A4_13.tex)
[58


]
(C:\Users\Matthias\Documents\Repositories\Hacker\Docs\chapters_AB\A4\A4_14.tex)
[59


]
(C:\Users\Matthias\Documents\Repositories\Hacker\Docs\chapters_AB\A4\A4_15.tex)
[60


]
(C:\Users\Matthias\Documents\Repositories\Hacker\Docs\chapters_AB\A4\A4_16.tex)
[61


]
(C:\Users\Matthias\Documents\Repositories\Hacker\Docs\chapters_AB\A4\Z4_07.tex)
[62


]
(C:\Users\Matthias\Documents\Repositories\Hacker\Docs\chapters_AB\A4\Z4_12.tex)
[63


]
(C:\Users\Matthias\Documents\Repositories\Hacker\Docs\chapters_AB\A5\A5_01.tex)
[64


]
(C:\Users\Matthias\Documents\Repositories\Hacker\Docs\chapters_AB\A5\A5_02.tex
Underfull \hbox (badness 10000) in paragraph at lines 3--4

 []

) [65


]
(C:\Users\Matthias\Documents\Repositories\Hacker\Docs\chapters_AB\A5\A5_03.tex
Underfull \hbox (badness 10000) in paragraph at lines 3--4

 []

) [66


]
(C:\Users\Matthias\Documents\Repositories\Hacker\Docs\chapters_AB\A5\A5_04.tex
Underfull \hbox (badness 10000) in paragraph at lines 3--5

 []

) [67


]
(C:\Users\Matthias\Documents\Repositories\Hacker\Docs\chapters_AB\A5\A5_05.tex
Underfull \hbox (badness 10000) in paragraph at lines 3--5

 []

) [68


]
(C:\Users\Matthias\Documents\Repositories\Hacker\Docs\chapters_AB\A5\A5_06.tex)
[69


]
(C:\Users\Matthias\Documents\Repositories\Hacker\Docs\chapters_AB\A5\A5_07.tex)
[70


]
(C:\Users\Matthias\Documents\Repositories\Hacker\Docs\chapters_AB\A5\A5_08.tex)
[71


]
(C:\Users\Matthias\Documents\Repositories\Hacker\Docs\chapters_AB\A5\A5_09.tex)
[72


]
(C:\Users\Matthias\Documents\Repositories\Hacker\Docs\chapters_AB\A5\A5_10.tex)
[73


]
Package atveryend Info: Empty hook `BeforeClearDocument' on input line 106.
Package atveryend Info: Empty hook `AfterLastShipout' on input line 106.

(C:\Users\Matthias\Documents\Repositories\Hacker\Docs\Arbeitsblatt_final.aux
(C:\Users\Matthias\Documents\Repositories\Hacker\Docs\chapters_AB\A1\A1_01.aux)
(C:\Users\Matthias\Documents\Repositories\Hacker\Docs\chapters_AB\A1\A1_02.aux)
(C:\Users\Matthias\Documents\Repositories\Hacker\Docs\chapters_AB\A1\A1_03.aux)
(C:\Users\Matthias\Documents\Repositories\Hacker\Docs\chapters_AB\A1\A1_04.aux)
(C:\Users\Matthias\Documents\Repositories\Hacker\Docs\chapters_AB\A1\A1_05.aux)
(C:\Users\Matthias\Documents\Repositories\Hacker\Docs\chapters_AB\A1\A1_06.aux)
(C:\Users\Matthias\Documents\Repositories\Hacker\Docs\chapters_AB\A1\A1_07.aux)
(C:\Users\Matthias\Documents\Repositories\Hacker\Docs\chapters_AB\A1\A1_08.aux)
(C:\Users\Matthias\Documents\Repositories\Hacker\Docs\chapters_AB\A1\A1_09.aux)
(C:\Users\Matthias\Documents\Repositories\Hacker\Docs\chapters_AB\A1\A1_10.aux)
(C:\Users\Matthias\Documents\Repositories\Hacker\Docs\chapters_AB\A1\A1_11.aux)
(C:\Users\Matthias\Documents\Repositories\Hacker\Docs\chapters_AB\A1\A1_12.aux)
(C:\Users\Matthias\Documents\Repositories\Hacker\Docs\chapters_AB\A1\A1_13.aux)
(C:\Users\Matthias\Documents\Repositories\Hacker\Docs\chapters_AB\A1\A1_14.aux)
(C:\Users\Matthias\Documents\Repositories\Hacker\Docs\chapters_AB\A1\Z1_10.aux)
(C:\Users\Matthias\Documents\Repositories\Hacker\Docs\chapters_AB\A2\A2_01.aux)
(C:\Users\Matthias\Documents\Repositories\Hacker\Docs\chapters_AB\A2\A2_02.aux)
(C:\Users\Matthias\Documents\Repositories\Hacker\Docs\chapters_AB\A2\A2_03.aux)
(C:\Users\Matthias\Documents\Repositories\Hacker\Docs\chapters_AB\A2\A2_04.aux)
(C:\Users\Matthias\Documents\Repositories\Hacker\Docs\chapters_AB\A2\A2_05.aux)
(C:\Users\Matthias\Documents\Repositories\Hacker\Docs\chapters_AB\A2\A2_06.aux)
(C:\Users\Matthias\Documents\Repositories\Hacker\Docs\chapters_AB\A2\A2_07.aux)
(C:\Users\Matthias\Documents\Repositories\Hacker\Docs\chapters_AB\A2\A2_08.aux)
(C:\Users\Matthias\Documents\Repositories\Hacker\Docs\chapters_AB\A2\A2_09.aux)
(C:\Users\Matthias\Documents\Repositories\Hacker\Docs\chapters_AB\A2\Z2_01.aux)
(C:\Users\Matthias\Documents\Repositories\Hacker\Docs\chapters_AB\A2\Z2_05.aux)
(C:\Users\Matthias\Documents\Repositories\Hacker\Docs\chapters_AB\A3\A3_01.aux)
(C:\Users\Matthias\Documents\Repositories\Hacker\Docs\chapters_AB\A3\A3_02.aux)
(C:\Users\Matthias\Documents\Repositories\Hacker\Docs\chapters_AB\A3\A3_03.aux)
(C:\Users\Matthias\Documents\Repositories\Hacker\Docs\chapters_AB\A3\A3_04.aux)
(C:\Users\Matthias\Documents\Repositories\Hacker\Docs\chapters_AB\A3\A3_05.aux)
(C:\Users\Matthias\Documents\Repositories\Hacker\Docs\chapters_AB\A3\A3_06.aux)
(C:\Users\Matthias\Documents\Repositories\Hacker\Docs\chapters_AB\A3\A3_07.aux)
(C:\Users\Matthias\Documents\Repositories\Hacker\Docs\chapters_AB\A3\A3_08.aux)
(C:\Users\Matthias\Documents\Repositories\Hacker\Docs\chapters_AB\A3\A3_09.aux)
(C:\Users\Matthias\Documents\Repositories\Hacker\Docs\chapters_AB\A3\A3_10.aux)
(C:\Users\Matthias\Documents\Repositories\Hacker\Docs\chapters_AB\A3\A3_11.aux)
(C:\Users\Matthias\Documents\Repositories\Hacker\Docs\chapters_AB\A3\A3_12.aux)
(C:\Users\Matthias\Documents\Repositories\Hacker\Docs\chapters_AB\A3\A3_13.aux)
(C:\Users\Matthias\Documents\Repositories\Hacker\Docs\chapters_AB\A3\A3_14.aux)
(C:\Users\Matthias\Documents\Repositories\Hacker\Docs\chapters_AB\A3\A3_15.aux)
(C:\Users\Matthias\Documents\Repositories\Hacker\Docs\chapters_AB\A4\A4_01.aux)
(C:\Users\Matthias\Documents\Repositories\Hacker\Docs\chapters_AB\A4\A4_02.aux)
(C:\Users\Matthias\Documents\Repositories\Hacker\Docs\chapters_AB\A4\A4_03.aux)
(C:\Users\Matthias\Documents\Repositories\Hacker\Docs\chapters_AB\A4\A4_04.aux)
(C:\Users\Matthias\Documents\Repositories\Hacker\Docs\chapters_AB\A4\A4_05.aux)
(C:\Users\Matthias\Documents\Repositories\Hacker\Docs\chapters_AB\A4\A4_06.aux)
(C:\Users\Matthias\Documents\Repositories\Hacker\Docs\chapters_AB\A4\A4_07.aux)
(C:\Users\Matthias\Documents\Repositories\Hacker\Docs\chapters_AB\A4\A4_08.aux)
(C:\Users\Matthias\Documents\Repositories\Hacker\Docs\chapters_AB\A4\A4_09.aux)
(C:\Users\Matthias\Documents\Repositories\Hacker\Docs\chapters_AB\A4\A4_10.aux)
(C:\Users\Matthias\Documents\Repositories\Hacker\Docs\chapters_AB\A4\A4_11.aux)
(C:\Users\Matthias\Documents\Repositories\Hacker\Docs\chapters_AB\A4\A4_12.aux)
(C:\Users\Matthias\Documents\Repositories\Hacker\Docs\chapters_AB\A4\A4_13.aux)
(C:\Users\Matthias\Documents\Repositories\Hacker\Docs\chapters_AB\A4\A4_14.aux)
(C:\Users\Matthias\Documents\Repositories\Hacker\Docs\chapters_AB\A4\A4_15.aux)
(C:\Users\Matthias\Documents\Repositories\Hacker\Docs\chapters_AB\A4\A4_16.aux)
(C:\Users\Matthias\Documents\Repositories\Hacker\Docs\chapters_AB\A4\Z4_07.aux)
(C:\Users\Matthias\Documents\Repositories\Hacker\Docs\chapters_AB\A4\Z4_12.aux)
(C:\Users\Matthias\Documents\Repositories\Hacker\Docs\chapters_AB\A5\A5_01.aux)
(C:\Users\Matthias\Documents\Repositories\Hacker\Docs\chapters_AB\A5\A5_02.aux)
(C:\Users\Matthias\Documents\Repositories\Hacker\Docs\chapters_AB\A5\A5_03.aux)
(C:\Users\Matthias\Documents\Repositories\Hacker\Docs\chapters_AB\A5\A5_04.aux)
(C:\Users\Matthias\Documents\Repositories\Hacker\Docs\chapters_AB\A5\A5_05.aux)
(C:\Users\Matthias\Documents\Repositories\Hacker\Docs\chapters_AB\A5\A5_06.aux)
(C:\Users\Matthias\Documents\Repositories\Hacker\Docs\chapters_AB\A5\A5_07.aux)
(C:\Users\Matthias\Documents\Repositories\Hacker\Docs\chapters_AB\A5\A5_08.aux)
(C:\Users\Matthias\Documents\Repositories\Hacker\Docs\chapters_AB\A5\A5_09.aux)
(C:\Users\Matthias\Documents\Repositories\Hacker\Docs\chapters_AB\A5\A5_10.aux)
)
Package atveryend Info: Executing hook `AtVeryEndDocument' on input line 106.
Package atveryend Info: Executing hook `AtEndAfterFileList' on input line 106.
Package rerunfilecheck Info: File `Arbeitsblatt_final.out' has not changed.
(rerunfilecheck)             Checksum: 60701FA64B8C33D35DD8A3868C182C42;238.
Package atveryend Info: Empty hook `AtVeryVeryEnd' on input line 106.
 ) 
Here is how much of TeX's memory you used:
 11806 strings out of 493921
 202480 string characters out of 3147274
 327300 words of memory out of 3000000
 14188 multiletter control sequences out of 15000+200000
 13810 words of font info for 44 fonts, out of 3000000 for 9000
 841 hyphenation exceptions out of 8191
 43i,9n,51p,901b,497s stack positions out of 5000i,500n,10000p,200000b,50000s
{C:/Program Files/MiKTeX 2.9/fonts/enc/dvips/cm-super/cm-super-t1.enc}<C:/Pro
gram Files/MiKTeX 2.9/fonts/type1/public/amsfonts/cm/cmex10.pfb><C:/Program Fil
es/MiKTeX 2.9/fonts/type1/public/amsfonts/cm/cmmi10.pfb><C:/Program Files/MiKTe
X 2.9/fonts/type1/public/amsfonts/cm/cmmi8.pfb><C:/Program Files/MiKTeX 2.9/fon
ts/type1/public/amsfonts/cm/cmr10.pfb><C:/Program Files/MiKTeX 2.9/fonts/type1/
public/amsfonts/cm/cmr8.pfb><C:/Program Files/MiKTeX 2.9/fonts/type1/public/ams
fonts/cm/cmsy10.pfb><C:/Program Files/MiKTeX 2.9/fonts/type1/public/amsfonts/cm
/cmsy8.pfb><C:/Program Files/MiKTeX 2.9/fonts/type1/public/eurosym/feymr10.pfb>
<C:/Program Files/MiKTeX 2.9/fonts/type1/public/amsfonts/symbols/msbm10.pfb><C:
/Program Files/MiKTeX 2.9/fonts/type1/public/cm-super/sfrm1095.pfb><C:/Program 
Files/MiKTeX 2.9/fonts/type1/public/cm-super/sfsx1200.pfb><C:/Program Files/MiK
TeX 2.9/fonts/type1/public/cm-super/sfsx1440.pfb>
Output written on Arbeitsblatt_final.pdf (73 pages, 568827 bytes).
PDF statistics:
 608 PDF objects out of 1000 (max. 8388607)
 245 named destinations out of 1000 (max. 500000)
 76 words of extra memory for PDF output out of 10000 (max. 10000000)

