\BOOKMARK [1][-]{section.1}{Aufgabe E1}{}% 1
\BOOKMARK [2][-]{subsection.1.1}{Bestimmen Sie die geordnete Stichprobe.}{section.1}% 2
\BOOKMARK [2][-]{subsection.1.2}{Klassieren Sie die obigen Daten \(w\344hlen Sie 4 gleichlange Intervalle\) und zeichnen Sie das dazugeh\366rige Histogramm.}{section.1}% 3
\BOOKMARK [2][-]{subsection.1.3}{Skizzieren Sie die empirische Verteilungsfunktion der unklassierten Daten \(F\(x\) = Anteil der Kartoffeln mit einem Gewicht kleiner gleich x\).}{section.1}% 4
\BOOKMARK [2][-]{subsection.1.4}{Zeichnen Sie die empirische Verteilungsfunktion der klassierten Daten \(wie bei unklassierten Daten au\337er, dass innerhalb einer Klasse der Anteil als gleichm\344\337ig wachsend betrachtet wird\).}{section.1}% 5
\BOOKMARK [2][-]{subsection.1.5}{Berechnen Sie den Mittelwert \(=arithmetisches Mittel\) der Daten.}{section.1}% 6
\BOOKMARK [2][-]{subsection.1.6}{Wie gross ist der Modalwert \(der am h\344ufigsten vorkommende Wert\) der Stichprobe. Ist diese Information brauchbar?}{section.1}% 7
\BOOKMARK [2][-]{subsection.1.7}{Bestimmen Sie den Median \(der Wert, so dass mind. 50\045 der Daten kleiner gleich und mind. 50\045 der Daten gr\366\337er gleich diesem sind\). Ist dieser Wert eindeutig?}{section.1}% 8
\BOOKMARK [2][-]{subsection.1.8}{Bestimmen Sie das 0,25 Quantil \(der Wert, so dass mind. 25\045 der Daten kleiner gleich und mind. 75\045 der Daten gr\366\337er gleich diesem sind\). Ist dieser Wert eindeutig?}{section.1}% 9
\BOOKMARK [2][-]{subsection.1.9}{Bestimmen Sie das 0,75 Quantil \(der Wert, so dass mind. 75\045 der Daten kleiner gleich und mind. 25\045 der Daten gr\366\337er gleich diesem sind\).}{section.1}% 10
\BOOKMARK [2][-]{subsection.1.10}{Bestimmen Sie den Quartilsabstand \(die Differenz zwischen dem 0,75 und dem 0,25 Quantil\)}{section.1}% 11
\BOOKMARK [2][-]{subsection.1.11}{Bestimmen Sie das 0,3 Quantil \(der Wert, so dass mind. 30\045 der Daten kleiner gleich und mind. 70\045 der Daten gr\366\337er gleich diesem sind\). Ist dieser Wert eindeutig?}{section.1}% 12
\BOOKMARK [2][-]{subsection.1.12}{Bestimmen Sie die empirische Varianz und daraus die empirische Standardabweichung.}{section.1}% 13
\BOOKMARK [2][-]{subsection.1.13}{Zeichnen Sie den zu dieser Verteilung \(unklassierte Daten\) passende Boxplot.}{section.1}% 14
\BOOKMARK [2][-]{subsection.1.14}{Wenn man den Wert 136 durch 316 ersetzt \(Schreibfehler\), wie wirkt das dann auf den Mittelwert, die Standardabweichung, den Median und die Quantile aus \(nur qualitativ: also w\344chst/f\344llt leicht/stark\)?}{section.1}% 15
\BOOKMARK [1][-]{section.2}{Aufgabe E2}{}% 16
\BOOKMARK [1][-]{section.3}{Aufgabe E3}{}% 17
\BOOKMARK [1][-]{section.4}{Aufgabe E4}{}% 18
\BOOKMARK [1][-]{section.5}{Aufgabe E5}{}% 19
\BOOKMARK [2][-]{subsection.5.1}{Berechnen Sie die Randverteilungen in Wahrscheinlichkeiten}{section.5}% 20
\BOOKMARK [2][-]{subsection.5.2}{Man bestimme die bedingte Verteilung von Y bedingt auf X =Ulme.}{section.5}% 21
\BOOKMARK [2][-]{subsection.5.3}{Sind die Merkmale unabh\344ngig?}{section.5}% 22
\BOOKMARK [1][-]{section.6}{Aufgabe E6}{}% 23
\BOOKMARK [1][-]{section.7}{Aufgabe E7}{}% 24
\BOOKMARK [1][-]{section.8}{Aufgabe E8}{}% 25
\BOOKMARK [1][-]{section.9}{Aufgabe E9}{}% 26
\BOOKMARK [1][-]{section.10}{Aufgabe E10}{}% 27
\BOOKMARK [1][-]{section.11}{Aufgabe E11}{}% 28
\BOOKMARK [1][-]{section.12}{Aufgabe E12}{}% 29
\BOOKMARK [1][-]{section.13}{Aufgabe E13}{}% 30
\BOOKMARK [1][-]{section.14}{Aufgabe E14}{}% 31
\BOOKMARK [1][-]{section.15}{Aufgabe E15}{}% 32
\BOOKMARK [1][-]{section.16}{Aufgabe E16}{}% 33
\BOOKMARK [1][-]{section.17}{Aufgabe E17}{}% 34
\BOOKMARK [1][-]{section.18}{Aufgabe E18}{}% 35
\BOOKMARK [1][-]{section.19}{Aufgabe E19}{}% 36
\BOOKMARK [1][-]{section.20}{Aufgabe E20}{}% 37
\BOOKMARK [1][-]{section.21}{Aufgabe E21}{}% 38
\BOOKMARK [1][-]{section.22}{Aufgabe E22}{}% 39
\BOOKMARK [1][-]{section.23}{Aufgabe E23}{}% 40
\BOOKMARK [1][-]{section.24}{Aufgabe E24}{}% 41
\BOOKMARK [1][-]{section.25}{Aufgabe E25}{}% 42
\BOOKMARK [1][-]{section.26}{Aufgabe E26}{}% 43
\BOOKMARK [1][-]{section.27}{Aufgabe E27}{}% 44
\BOOKMARK [1][-]{section.28}{Aufgabe E28}{}% 45
\BOOKMARK [1][-]{section.29}{Aufgabe E29}{}% 46
\BOOKMARK [1][-]{section.30}{Aufgabe E30}{}% 47
\BOOKMARK [1][-]{section.31}{Aufgabe E31}{}% 48
\BOOKMARK [1][-]{section.32}{Aufgabe E32}{}% 49
\BOOKMARK [1][-]{section.33}{Aufgabe E33}{}% 50
\BOOKMARK [1][-]{section.34}{Aufgabe* E34}{}% 51
\BOOKMARK [1][-]{section.35}{Aufgabe E35}{}% 52
\BOOKMARK [1][-]{section.36}{Aufgabe E36}{}% 53
\BOOKMARK [1][-]{section.37}{Aufgabe E37}{}% 54
